nm_location/build/intermediates/manifest_merge_blame_file/debug/manifest-merger-blame-debug-report.txt
1<?xml version="1.0" encoding="utf-8"?>
2<manifest xmlns:android="http://schemas.android.com/apk/res/android"
3    package="lib.netmania.location"
4    android:versionCode="1"
5    android:versionName="1.0" >
6
7    <uses-sdk
8        android:minSdkVersion="15"
8-->src/main/AndroidManifest.xml
9        android:targetSdkVersion="25" />
9-->src/main/AndroidManifest.xml
10
11    <!-- 위치 관련 -->
12    <uses-permission android:name="android.permission.ACCESS_FINE_LOCATION" />
12-->src/main/AndroidManifest.xml:5:5-79
12-->src/main/AndroidManifest.xml:5:22-76
13    <uses-permission android:name="android.permission.ACCESS_COARSE_LOCATION" />
13-->src/main/AndroidManifest.xml:6:5-81
13-->src/main/AndroidManifest.xml:6:22-78
14
15    <application
15-->src/main/AndroidManifest.xml:8:5-15:19
16        android:allowBackup="true"
16-->src/main/AndroidManifest.xml:9:9-35
17        android:icon="@mipmap/ic_launcher"
17-->src/main/AndroidManifest.xml:10:9-43
18        android:label="@string/app_name"
18-->src/main/AndroidManifest.xml:11:9-41
19        android:supportsRtl="true"
19-->src/main/AndroidManifest.xml:12:9-35
20        android:theme="@style/AppTheme" >
20-->src/main/AndroidManifest.xml:13:9-40
21    </application>
22
23</manifest>